2015-02-07 20:36:59.001 Hello World[2989:73064] DiskCookieStorage changing policy from 2 to 0, cookie file: file:///Users/jbcima/Library/Developer/CoreSimulator/Devices/2B505A36-281E-4030-8AD2-684A7997CF0E/data/Containers/Data/Application/5510B846-D842-498E-8D0B-CF9E5F73D141/Library/Cookies/Cookies.binarycookies
2015-02-07 20:36:59.339 Hello World[2989:73064] Apache Cordova native platform version 3.7.0 is starting.
2015-02-07 20:36:59.339 Hello World[2989:73064] Multi-tasking -> Device: YES, App: YES
2015-02-07 20:36:59.355 Hello World[2989:73064] Unlimited access to network resources
2015-02-07 20:36:59.368 Hello World[2989:73064] 

Started backup to iCloud! Please be careful.
Your application might be rejected by Apple if you store too much data.
For more information please read "iOS Data Storage Guidelines" at:
https://developer.apple.com/icloud/documentation/data-storage/
To disable web storage backup to iCloud, set the BackupWebStorage preference to "local" in the Cordova config.xml file

2015-02-07 20:37:01.110 Hello World[2989:73064] Resetting plugins due to page load.
2015-02-07 20:37:01.313 Hello World[2989:73064] Finished load of: file:///Users/jbcima/Library/Developer/CoreSimulator/Devices/2B505A36-281E-4030-8AD2-684A7997CF0E/data/Containers/Bundle/Application/CAE52291-6413-4934-B839-D6F643779557/Hello%20World.app/www/index.html
2015-02-07 22:23:23.375 Hello World[5975:117325] DiskCookieStorage changing policy from 2 to 0, cookie file: file:///Users/jbcima/Library/Developer/CoreSimulator/Devices/2B505A36-281E-4030-8AD2-684A7997CF0E/data/Containers/Data/Application/BF583A00-4023-4173-82D5-EE8E43298F52/Library/Cookies/Cookies.binarycookies
2015-02-07 22:23:23.485 Hello World[5975:117325] Apache Cordova native platform version 3.7.0 is starting.
2015-02-07 22:23:23.485 Hello World[5975:117325] Multi-tasking -> Device: YES, App: YES
2015-02-07 22:23:23.488 Hello World[5975:117325] Unlimited access to network resources
2015-02-07 22:23:23.491 Hello World[5975:117325] 

Started backup to iCloud! Please be careful.
Your application might be rejected by Apple if you store too much data.
For more information please read "iOS Data Storage Guidelines" at:
https://developer.apple.com/icloud/documentation/data-storage/
To disable web storage backup to iCloud, set the BackupWebStorage preference to "local" in the Cordova config.xml file

2015-02-07 22:23:23.984 Hello World[5975:117325] Resetting plugins due to page load.
2015-02-07 22:23:24.083 Hello World[5975:117325] Finished load of: file:///Users/jbcima/Library/Developer/CoreSimulator/Devices/2B505A36-281E-4030-8AD2-684A7997CF0E/data/Containers/Bundle/Application/8087CCD9-3421-47D6-B7BD-B343BAA23CFD/Hello%20World.app/www/index.html
2015-02-07 22:25:08.789 Hello World[6299:118836] DiskCookieStorage changing policy from 2 to 0, cookie file: file:///Users/jbcima/Library/Developer/CoreSimulator/Devices/2B505A36-281E-4030-8AD2-684A7997CF0E/data/Containers/Data/Application/261B7197-8F8C-4D41-92D3-248BE31FC351/Library/Cookies/Cookies.binarycookies
2015-02-07 22:25:08.911 Hello World[6299:118836] Apache Cordova native platform version 3.7.0 is starting.
2015-02-07 22:25:08.911 Hello World[6299:118836] Multi-tasking -> Device: YES, App: YES
2015-02-07 22:25:08.915 Hello World[6299:118836] Unlimited access to network resources
2015-02-07 22:25:08.918 Hello World[6299:118836] 

Started backup to iCloud! Please be careful.
Your application might be rejected by Apple if you store too much data.
For more information please read "iOS Data Storage Guidelines" at:
https://developer.apple.com/icloud/documentation/data-storage/
To disable web storage backup to iCloud, set the BackupWebStorage preference to "local" in the Cordova config.xml file

2015-02-07 22:25:09.186 Hello World[6299:118836] CDVPlugin class CDVStatusBar (pluginName: statusbar) does not exist.
2015-02-07 22:25:09.186 Hello World[6299:118836] [CDVTimer][statusbar] 0.207007ms
2015-02-07 22:25:09.186 Hello World[6299:118836] [CDVTimer][TotalPluginStartup] 0.370979ms
2015-02-07 22:25:09.340 Hello World[6299:118836] Resetting plugins due to page load.
2015-02-07 22:25:09.441 Hello World[6299:118836] Finished load of: file:///Users/jbcima/Library/Developer/CoreSimulator/Devices/2B505A36-281E-4030-8AD2-684A7997CF0E/data/Containers/Bundle/Application/75D13150-DAAF-44FD-BC17-2F9CFE10C5DA/Hello%20World.app/www/index.html
2015-02-07 22:52:33.905 Hello World[9518:134741] DiskCookieStorage changing policy from 2 to 0, cookie file: file:///Users/jbcima/Library/Developer/CoreSimulator/Devices/2B505A36-281E-4030-8AD2-684A7997CF0E/data/Containers/Data/Application/14B00D95-AD7D-4FE5-A72D-323DFC9D0D51/Library/Cookies/Cookies.binarycookies
2015-02-07 22:52:34.027 Hello World[9518:134741] Apache Cordova native platform version 3.7.0 is starting.
2015-02-07 22:52:34.027 Hello World[9518:134741] Multi-tasking -> Device: YES, App: YES
2015-02-07 22:52:34.029 Hello World[9518:134741] Unlimited access to network resources
2015-02-07 22:52:34.032 Hello World[9518:134741] 

Started backup to iCloud! Please be careful.
Your application might be rejected by Apple if you store too much data.
For more information please read "iOS Data Storage Guidelines" at:
https://developer.apple.com/icloud/documentation/data-storage/
To disable web storage backup to iCloud, set the BackupWebStorage preference to "local" in the Cordova config.xml file

2015-02-07 22:52:34.298 Hello World[9518:134741] CDVPlugin class CDVStatusBar (pluginName: statusbar) does not exist.
2015-02-07 22:52:34.299 Hello World[9518:134741] [CDVTimer][statusbar] 0.243008ms
2015-02-07 22:52:34.299 Hello World[9518:134741] [CDVTimer][TotalPluginStartup] 0.440001ms
2015-02-07 22:52:34.694 Hello World[9518:134741] Resetting plugins due to page load.
2015-02-07 22:52:34.804 Hello World[9518:134741] Finished load of: file:///Users/jbcima/Library/Developer/CoreSimulator/Devices/2B505A36-281E-4030-8AD2-684A7997CF0E/data/Containers/Bundle/Application/C017E1DC-1B26-4AF3-B331-70DAAE4915BC/Hello%20World.app/www/index.html
